<?xml version="1.0" encoding="UTF-8"?>
<testsuite xmlns:xsi="http://www.w3.org/2001/XMLSchema-instance" xsi:noNamespaceSchemaLocation="https://maven.apache.org/surefire/maven-surefire-plugin/xsd/surefire-test-report-3.0.xsd" version="3.0" name="app.validation.ValidatorTest" time="0.005" tests="7" errors="0" skipped="0" failures="0">
  <properties>
[...]
</properties>
  <testcase name="parseMoney_valid" classname="app.validation.ValidatorTest" time="0.0"/>
  <testcase name="parseStatus_valid" classname="app.validation.ValidatorTest" time="0.0"/>
  <testcase name="parseDate_valid" classname="app.validation.ValidatorTest" time="0.0"/>
  <testcase name="parseDate_invalid" classname="app.validation.ValidatorTest" time="0.0"/>
  <testcase name="parseBooleanLoose_cases" classname="app.validation.ValidatorTest" time="0.001"/>
  <testcase name="parseMoney_invalid" classname="app.validation.ValidatorTest" time="0.0"/>
  <testcase name="parseStatus_invalid" classname="app.validation.ValidatorTest" time="0.001"/>
</testsuite>